[
  {
    "line": 2,
    "elements": [
      {
        "line": 4,
        "name": "Open session",
        "description": "",
        "id": "login-in-heroku-page;open-session",
        "type": "scenario",
        "keyword": "Scenario",
        "steps": [
          {
            "result": {
              "duration": 44659355272,
              "status": "passed"
            },
            "line": 5,
            "name": "User starts a session on android device",
            "match": {
              "location": "Android_web.start_an_android_web_session()"
            },
            "keyword": "Given "
          }
        ],
        "tags": [
          {
            "name": "@androidWeb"
          },
          {
            "name": "@web"
          },
          {
            "name": "@demoCucumber"
          }
        ]
      },
      {
        "line": 16,
        "name": "Verify login with invalid username",
        "description": "",
        "id": "login-in-heroku-page;verify-login-with-invalid-username;;2",
        "type": "scenario",
        "keyword": "Scenario Outline",
        "steps": [
          {
            "result": {
              "duration": 48520760973,
              "status": "passed"
            },
            "line": 8,
            "name": "User go to login page",
            "match": {
              "location": "Android_web.go_to_login_page()"
            },
            "keyword": "Given "
          },
          {
            "result": {
              "error_message": "org.openqa.selenium.WebDriverException: Returned value cannot be converted to WebElement: {ELEMENT\u003d0.5726839745651053-1}\nBuild info: version: \u00273.6.0\u0027, revision: \u00276fbf3ec767\u0027, time: \u00272017-09-27T15:28:36.4Z\u0027\nSystem info: host: \u0027KhanhDo.local\u0027, ip: \u0027fe80:0:0:0:14d8:a15d:87ca:f26d%en0\u0027, os.name: \u0027Mac OS X\u0027, os.arch: \u0027x86_64\u0027, os.version: \u002710.14.6\u0027, java.version: \u00271.8.0_221\u0027\nDriver info: driver.version: AndroidDriver\n\tat org.openqa.selenium.remote.RemoteWebDriver.findElement(RemoteWebDriver.java:363)\n\tat io.appium.java_client.DefaultGenericMobileDriver.findElement(DefaultGenericMobileDriver.java:62)\n\tat io.appium.java_client.AppiumDriver.findElement(AppiumDriver.java:1)\n\tat io.appium.java_client.android.AndroidDriver.findElement(AndroidDriver.java:1)\n\tat org.openqa.selenium.remote.RemoteWebDriver.findElementById(RemoteWebDriver.java:402)\n\tat io.appium.java_client.DefaultGenericMobileDriver.findElementById(DefaultGenericMobileDriver.java:70)\n\tat io.appium.java_client.AppiumDriver.findElementById(AppiumDriver.java:1)\n\tat io.appium.java_client.android.AndroidDriver.findElementById(AndroidDriver.java:1)\n\tat androidWeb.Android_web.input_username(Android_web.java:43)\n\tat ✽.User inputs username foo(src/test/resources/features/Test_android_web.feature:9)\nCaused by: java.lang.ClassCastException: java.util.HashMap cannot be cast to org.openqa.selenium.WebElement\n\tat org.openqa.selenium.remote.RemoteWebDriver.findElement(RemoteWebDriver.java:361)\n\tat io.appium.java_client.DefaultGenericMobileDriver.findElement(DefaultGenericMobileDriver.java:62)\n\tat io.appium.java_client.AppiumDriver.findElement(AppiumDriver.java:1)\n\tat io.appium.java_client.android.AndroidDriver.findElement(AndroidDriver.java:1)\n\tat org.openqa.selenium.remote.RemoteWebDriver.findElementById(RemoteWebDriver.java:402)\n\tat io.appium.java_client.DefaultGenericMobileDriver.findElementById(DefaultGenericMobileDriver.java:70)\n\tat io.appium.java_client.AppiumDriver.findElementById(AppiumDriver.java:1)\n\tat io.appium.java_client.android.AndroidDriver.findElementById(AndroidDriver.java:1)\n\tat androidWeb.Android_web.input_username(Android_web.java:43)\n\tat sun.reflect.NativeMethodAccessorImpl.invoke0(Native Method)\n\tat sun.reflect.NativeMethodAccessorImpl.invoke(NativeMethodAccessorImpl.java:62)\n\tat sun.reflect.DelegatingMethodAccessorImpl.invoke(DelegatingMethodAccessorImpl.java:43)\n\tat java.lang.reflect.Method.invoke(Method.java:498)\n\tat cucumber.runtime.Utils$1.call(Utils.java:32)\n\tat cucumber.runtime.Timeout.timeout(Timeout.java:16)\n\tat cucumber.runtime.Utils.invoke(Utils.java:26)\n\tat cucumber.runtime.java.JavaStepDefinition.execute(JavaStepDefinition.java:37)\n\tat cucumber.runtime.StepDefinitionMatch.runStep(StepDefinitionMatch.java:40)\n\tat cucumber.api.TestStep.executeStep(TestStep.java:102)\n\tat cucumber.api.TestStep.run(TestStep.java:83)\n\tat cucumber.api.TestCase.run(TestCase.java:58)\n\tat cucumber.runner.Runner.runPickle(Runner.java:80)\n\tat cucumber.runtime.junit.PickleRunners$NoStepDescriptions.run(PickleRunners.java:140)\n\tat cucumber.runtime.junit.FeatureRunner.runChild(FeatureRunner.java:68)\n\tat cucumber.runtime.junit.FeatureRunner.runChild(FeatureRunner.java:23)\n\tat org.junit.runners.ParentRunner$3.run(ParentRunner.java:290)\n\tat org.junit.runners.ParentRunner$1.schedule(ParentRunner.java:71)\n\tat org.junit.runners.ParentRunner.runChildren(ParentRunner.java:288)\n\tat org.junit.runners.ParentRunner.access$000(ParentRunner.java:58)\n\tat org.junit.runners.ParentRunner$2.evaluate(ParentRunner.java:268)\n\tat org.junit.runners.ParentRunner.run(ParentRunner.java:363)\n\tat cucumber.runtime.junit.FeatureRunner.run(FeatureRunner.java:73)\n\tat cucumber.api.junit.Cucumber.runChild(Cucumber.java:117)\n\tat cucumber.api.junit.Cucumber.runChild(Cucumber.java:55)\n\tat org.junit.runners.ParentRunner$3.run(ParentRunner.java:290)\n\tat org.junit.runners.ParentRunner$1.schedule(ParentRunner.java:71)\n\tat org.junit.runners.ParentRunner.runChildren(ParentRunner.java:288)\n\tat org.junit.runners.ParentRunner.access$000(ParentRunner.java:58)\n\tat org.junit.runners.ParentRunner$2.evaluate(ParentRunner.java:268)\n\tat cucumber.api.junit.Cucumber$1.evaluate(Cucumber.java:126)\n\tat org.junit.runners.ParentRunner.run(ParentRunner.java:363)\n\tat org.junit.runner.JUnitCore.run(JUnitCore.java:137)\n\tat com.intellij.junit4.JUnit4IdeaTestRunner.startRunnerWithArgs(JUnit4IdeaTestRunner.java:68)\n\tat com.intellij.rt.execution.junit.IdeaTestRunner$Repeater.startRunnerWithArgs(IdeaTestRunner.java:47)\n\tat com.intellij.rt.execution.junit.JUnitStarter.prepareStreamsAndStart(JUnitStarter.java:242)\n\tat com.intellij.rt.execution.junit.JUnitStarter.main(JUnitStarter.java:70)\n",
              "duration": 507648098,
              "status": "failed"
            },
            "line": 9,
            "name": "User inputs username foo",
            "match": {
              "arguments": [
                {
                  "val": "foo",
                  "offset": 21
                }
              ],
              "location": "Android_web.input_username(String)"
            },
            "keyword": "And "
          },
          {
            "result": {
              "status": "skipped"
            },
            "line": 10,
            "name": "User inputs password SuperSecretPassword!",
            "match": {
              "arguments": [
                {
                  "val": "SuperSecretPassword!",
                  "offset": 21
                }
              ],
              "location": "Android_web.input_password(String)"
            },
            "keyword": "And "
          },
          {
            "result": {
              "status": "skipped"
            },
            "line": 11,
            "name": "User clicks login button",
            "match": {
              "location": "Android_web.click_Login()"
            },
            "keyword": "And "
          },
          {
            "result": {
              "status": "skipped"
            },
            "line": 12,
            "name": "User will see message Your username is invalid!",
            "match": {
              "arguments": [
                {
                  "val": "Your username is invalid!",
                  "offset": 22
                }
              ],
              "location": "Android_web.verify_login_message(String)"
            },
            "keyword": "Then "
          }
        ],
        "tags": [
          {
            "name": "@androidWeb"
          },
          {
            "name": "@web"
          },
          {
            "name": "@demoCucumber"
          }
        ]
      },
      {
        "line": 17,
        "name": "Verify login with invalid username",
        "description": "",
        "id": "login-in-heroku-page;verify-login-with-invalid-username;;3",
        "type": "scenario",
        "keyword": "Scenario Outline",
        "steps": [
          {
            "result": {
              "duration": 3711887748,
              "status": "passed"
            },
            "line": 8,
            "name": "User go to login page",
            "match": {
              "location": "Android_web.go_to_login_page()"
            },
            "keyword": "Given "
          },
          {
            "result": {
              "error_message": "org.openqa.selenium.WebDriverException: Returned value cannot be converted to WebElement: {ELEMENT\u003d0.5487296371596293-1}\nBuild info: version: \u00273.6.0\u0027, revision: \u00276fbf3ec767\u0027, time: \u00272017-09-27T15:28:36.4Z\u0027\nSystem info: host: \u0027KhanhDo.local\u0027, ip: \u0027fe80:0:0:0:14d8:a15d:87ca:f26d%en0\u0027, os.name: \u0027Mac OS X\u0027, os.arch: \u0027x86_64\u0027, os.version: \u002710.14.6\u0027, java.version: \u00271.8.0_221\u0027\nDriver info: driver.version: AndroidDriver\n\tat org.openqa.selenium.remote.RemoteWebDriver.findElement(RemoteWebDriver.java:363)\n\tat io.appium.java_client.DefaultGenericMobileDriver.findElement(DefaultGenericMobileDriver.java:62)\n\tat io.appium.java_client.AppiumDriver.findElement(AppiumDriver.java:1)\n\tat io.appium.java_client.android.AndroidDriver.findElement(AndroidDriver.java:1)\n\tat org.openqa.selenium.remote.RemoteWebDriver.findElementById(RemoteWebDriver.java:402)\n\tat io.appium.java_client.DefaultGenericMobileDriver.findElementById(DefaultGenericMobileDriver.java:70)\n\tat io.appium.java_client.AppiumDriver.findElementById(AppiumDriver.java:1)\n\tat io.appium.java_client.android.AndroidDriver.findElementById(AndroidDriver.java:1)\n\tat androidWeb.Android_web.input_username(Android_web.java:43)\n\tat ✽.User inputs username tomsmith(src/test/resources/features/Test_android_web.feature:9)\nCaused by: java.lang.ClassCastException: java.util.HashMap cannot be cast to org.openqa.selenium.WebElement\n\tat org.openqa.selenium.remote.RemoteWebDriver.findElement(RemoteWebDriver.java:361)\n\tat io.appium.java_client.DefaultGenericMobileDriver.findElement(DefaultGenericMobileDriver.java:62)\n\tat io.appium.java_client.AppiumDriver.findElement(AppiumDriver.java:1)\n\tat io.appium.java_client.android.AndroidDriver.findElement(AndroidDriver.java:1)\n\tat org.openqa.selenium.remote.RemoteWebDriver.findElementById(RemoteWebDriver.java:402)\n\tat io.appium.java_client.DefaultGenericMobileDriver.findElementById(DefaultGenericMobileDriver.java:70)\n\tat io.appium.java_client.AppiumDriver.findElementById(AppiumDriver.java:1)\n\tat io.appium.java_client.android.AndroidDriver.findElementById(AndroidDriver.java:1)\n\tat androidWeb.Android_web.input_username(Android_web.java:43)\n\tat sun.reflect.NativeMethodAccessorImpl.invoke0(Native Method)\n\tat sun.reflect.NativeMethodAccessorImpl.invoke(NativeMethodAccessorImpl.java:62)\n\tat sun.reflect.DelegatingMethodAccessorImpl.invoke(DelegatingMethodAccessorImpl.java:43)\n\tat java.lang.reflect.Method.invoke(Method.java:498)\n\tat cucumber.runtime.Utils$1.call(Utils.java:32)\n\tat cucumber.runtime.Timeout.timeout(Timeout.java:16)\n\tat cucumber.runtime.Utils.invoke(Utils.java:26)\n\tat cucumber.runtime.java.JavaStepDefinition.execute(JavaStepDefinition.java:37)\n\tat cucumber.runtime.StepDefinitionMatch.runStep(StepDefinitionMatch.java:40)\n\tat cucumber.api.TestStep.executeStep(TestStep.java:102)\n\tat cucumber.api.TestStep.run(TestStep.java:83)\n\tat cucumber.api.TestCase.run(TestCase.java:58)\n\tat cucumber.runner.Runner.runPickle(Runner.java:80)\n\tat cucumber.runtime.junit.PickleRunners$NoStepDescriptions.run(PickleRunners.java:140)\n\tat cucumber.runtime.junit.FeatureRunner.runChild(FeatureRunner.java:68)\n\tat cucumber.runtime.junit.FeatureRunner.runChild(FeatureRunner.java:23)\n\tat org.junit.runners.ParentRunner$3.run(ParentRunner.java:290)\n\tat org.junit.runners.ParentRunner$1.schedule(ParentRunner.java:71)\n\tat org.junit.runners.ParentRunner.runChildren(ParentRunner.java:288)\n\tat org.junit.runners.ParentRunner.access$000(ParentRunner.java:58)\n\tat org.junit.runners.ParentRunner$2.evaluate(ParentRunner.java:268)\n\tat org.junit.runners.ParentRunner.run(ParentRunner.java:363)\n\tat cucumber.runtime.junit.FeatureRunner.run(FeatureRunner.java:73)\n\tat cucumber.api.junit.Cucumber.runChild(Cucumber.java:117)\n\tat cucumber.api.junit.Cucumber.runChild(Cucumber.java:55)\n\tat org.junit.runners.ParentRunner$3.run(ParentRunner.java:290)\n\tat org.junit.runners.ParentRunner$1.schedule(ParentRunner.java:71)\n\tat org.junit.runners.ParentRunner.runChildren(ParentRunner.java:288)\n\tat org.junit.runners.ParentRunner.access$000(ParentRunner.java:58)\n\tat org.junit.runners.ParentRunner$2.evaluate(ParentRunner.java:268)\n\tat cucumber.api.junit.Cucumber$1.evaluate(Cucumber.java:126)\n\tat org.junit.runners.ParentRunner.run(ParentRunner.java:363)\n\tat org.junit.runner.JUnitCore.run(JUnitCore.java:137)\n\tat com.intellij.junit4.JUnit4IdeaTestRunner.startRunnerWithArgs(JUnit4IdeaTestRunner.java:68)\n\tat com.intellij.rt.execution.junit.IdeaTestRunner$Repeater.startRunnerWithArgs(IdeaTestRunner.java:47)\n\tat com.intellij.rt.execution.junit.JUnitStarter.prepareStreamsAndStart(JUnitStarter.java:242)\n\tat com.intellij.rt.execution.junit.JUnitStarter.main(JUnitStarter.java:70)\n",
              "duration": 307965949,
              "status": "failed"
            },
            "line": 9,
            "name": "User inputs username tomsmith",
            "match": {
              "arguments": [
                {
                  "val": "tomsmith",
                  "offset": 21
                }
              ],
              "location": "Android_web.input_username(String)"
            },
            "keyword": "And "
          },
          {
            "result": {
              "status": "skipped"
            },
            "line": 10,
            "name": "User inputs password SuperSecretPassword",
            "match": {
              "arguments": [
                {
                  "val": "SuperSecretPassword",
                  "offset": 21
                }
              ],
              "location": "Android_web.input_password(String)"
            },
            "keyword": "And "
          },
          {
            "result": {
              "status": "skipped"
            },
            "line": 11,
            "name": "User clicks login button",
            "match": {
              "location": "Android_web.click_Login()"
            },
            "keyword": "And "
          },
          {
            "result": {
              "status": "skipped"
            },
            "line": 12,
            "name": "User will see message Your password is invalid!",
            "match": {
              "arguments": [
                {
                  "val": "Your password is invalid!",
                  "offset": 22
                }
              ],
              "location": "Android_web.verify_login_message(String)"
            },
            "keyword": "Then "
          }
        ],
        "tags": [
          {
            "name": "@androidWeb"
          },
          {
            "name": "@web"
          },
          {
            "name": "@demoCucumber"
          }
        ]
      },
      {
        "line": 18,
        "name": "Verify login with invalid username",
        "description": "",
        "id": "login-in-heroku-page;verify-login-with-invalid-username;;4",
        "type": "scenario",
        "keyword": "Scenario Outline",
        "steps": [
          {
            "result": {
              "duration": 3100828753,
              "status": "passed"
            },
            "line": 8,
            "name": "User go to login page",
            "match": {
              "location": "Android_web.go_to_login_page()"
            },
            "keyword": "Given "
          },
          {
            "result": {
              "error_message": "org.openqa.selenium.WebDriverException: Returned value cannot be converted to WebElement: {ELEMENT\u003d0.5101166605354204-1}\nBuild info: version: \u00273.6.0\u0027, revision: \u00276fbf3ec767\u0027, time: \u00272017-09-27T15:28:36.4Z\u0027\nSystem info: host: \u0027KhanhDo.local\u0027, ip: \u0027fe80:0:0:0:14d8:a15d:87ca:f26d%en0\u0027, os.name: \u0027Mac OS X\u0027, os.arch: \u0027x86_64\u0027, os.version: \u002710.14.6\u0027, java.version: \u00271.8.0_221\u0027\nDriver info: driver.version: AndroidDriver\n\tat org.openqa.selenium.remote.RemoteWebDriver.findElement(RemoteWebDriver.java:363)\n\tat io.appium.java_client.DefaultGenericMobileDriver.findElement(DefaultGenericMobileDriver.java:62)\n\tat io.appium.java_client.AppiumDriver.findElement(AppiumDriver.java:1)\n\tat io.appium.java_client.android.AndroidDriver.findElement(AndroidDriver.java:1)\n\tat org.openqa.selenium.remote.RemoteWebDriver.findElementById(RemoteWebDriver.java:402)\n\tat io.appium.java_client.DefaultGenericMobileDriver.findElementById(DefaultGenericMobileDriver.java:70)\n\tat io.appium.java_client.AppiumDriver.findElementById(AppiumDriver.java:1)\n\tat io.appium.java_client.android.AndroidDriver.findElementById(AndroidDriver.java:1)\n\tat androidWeb.Android_web.input_username(Android_web.java:43)\n\tat ✽.User inputs username tomsmith(src/test/resources/features/Test_android_web.feature:9)\nCaused by: java.lang.ClassCastException: java.util.HashMap cannot be cast to org.openqa.selenium.WebElement\n\tat org.openqa.selenium.remote.RemoteWebDriver.findElement(RemoteWebDriver.java:361)\n\tat io.appium.java_client.DefaultGenericMobileDriver.findElement(DefaultGenericMobileDriver.java:62)\n\tat io.appium.java_client.AppiumDriver.findElement(AppiumDriver.java:1)\n\tat io.appium.java_client.android.AndroidDriver.findElement(AndroidDriver.java:1)\n\tat org.openqa.selenium.remote.RemoteWebDriver.findElementById(RemoteWebDriver.java:402)\n\tat io.appium.java_client.DefaultGenericMobileDriver.findElementById(DefaultGenericMobileDriver.java:70)\n\tat io.appium.java_client.AppiumDriver.findElementById(AppiumDriver.java:1)\n\tat io.appium.java_client.android.AndroidDriver.findElementById(AndroidDriver.java:1)\n\tat androidWeb.Android_web.input_username(Android_web.java:43)\n\tat sun.reflect.NativeMethodAccessorImpl.invoke0(Native Method)\n\tat sun.reflect.NativeMethodAccessorImpl.invoke(NativeMethodAccessorImpl.java:62)\n\tat sun.reflect.DelegatingMethodAccessorImpl.invoke(DelegatingMethodAccessorImpl.java:43)\n\tat java.lang.reflect.Method.invoke(Method.java:498)\n\tat cucumber.runtime.Utils$1.call(Utils.java:32)\n\tat cucumber.runtime.Timeout.timeout(Timeout.java:16)\n\tat cucumber.runtime.Utils.invoke(Utils.java:26)\n\tat cucumber.runtime.java.JavaStepDefinition.execute(JavaStepDefinition.java:37)\n\tat cucumber.runtime.StepDefinitionMatch.runStep(StepDefinitionMatch.java:40)\n\tat cucumber.api.TestStep.executeStep(TestStep.java:102)\n\tat cucumber.api.TestStep.run(TestStep.java:83)\n\tat cucumber.api.TestCase.run(TestCase.java:58)\n\tat cucumber.runner.Runner.runPickle(Runner.java:80)\n\tat cucumber.runtime.junit.PickleRunners$NoStepDescriptions.run(PickleRunners.java:140)\n\tat cucumber.runtime.junit.FeatureRunner.runChild(FeatureRunner.java:68)\n\tat cucumber.runtime.junit.FeatureRunner.runChild(FeatureRunner.java:23)\n\tat org.junit.runners.ParentRunner$3.run(ParentRunner.java:290)\n\tat org.junit.runners.ParentRunner$1.schedule(ParentRunner.java:71)\n\tat org.junit.runners.ParentRunner.runChildren(ParentRunner.java:288)\n\tat org.junit.runners.ParentRunner.access$000(ParentRunner.java:58)\n\tat org.junit.runners.ParentRunner$2.evaluate(ParentRunner.java:268)\n\tat org.junit.runners.ParentRunner.run(ParentRunner.java:363)\n\tat cucumber.runtime.junit.FeatureRunner.run(FeatureRunner.java:73)\n\tat cucumber.api.junit.Cucumber.runChild(Cucumber.java:117)\n\tat cucumber.api.junit.Cucumber.runChild(Cucumber.java:55)\n\tat org.junit.runners.ParentRunner$3.run(ParentRunner.java:290)\n\tat org.junit.runners.ParentRunner$1.schedule(ParentRunner.java:71)\n\tat org.junit.runners.ParentRunner.runChildren(ParentRunner.java:288)\n\tat org.junit.runners.ParentRunner.access$000(ParentRunner.java:58)\n\tat org.junit.runners.ParentRunner$2.evaluate(ParentRunner.java:268)\n\tat cucumber.api.junit.Cucumber$1.evaluate(Cucumber.java:126)\n\tat org.junit.runners.ParentRunner.run(ParentRunner.java:363)\n\tat org.junit.runner.JUnitCore.run(JUnitCore.java:137)\n\tat com.intellij.junit4.JUnit4IdeaTestRunner.startRunnerWithArgs(JUnit4IdeaTestRunner.java:68)\n\tat com.intellij.rt.execution.junit.IdeaTestRunner$Repeater.startRunnerWithArgs(IdeaTestRunner.java:47)\n\tat com.intellij.rt.execution.junit.JUnitStarter.prepareStreamsAndStart(JUnitStarter.java:242)\n\tat com.intellij.rt.execution.junit.JUnitStarter.main(JUnitStarter.java:70)\n",
              "duration": 374615416,
              "status": "failed"
            },
            "line": 9,
            "name": "User inputs username tomsmith",
            "match": {
              "arguments": [
                {
                  "val": "tomsmith",
                  "offset": 21
                }
              ],
              "location": "Android_web.input_username(String)"
            },
            "keyword": "And "
          },
          {
            "result": {
              "status": "skipped"
            },
            "line": 10,
            "name": "User inputs password SuperSecretPassword!",
            "match": {
              "arguments": [
                {
                  "val": "SuperSecretPassword!",
                  "offset": 21
                }
              ],
              "location": "Android_web.input_password(String)"
            },
            "keyword": "And "
          },
          {
            "result": {
              "status": "skipped"
            },
            "line": 11,
            "name": "User clicks login button",
            "match": {
              "location": "Android_web.click_Login()"
            },
            "keyword": "And "
          },
          {
            "result": {
              "status": "skipped"
            },
            "line": 12,
            "name": "User will see message You logged into a secure area!",
            "match": {
              "arguments": [
                {
                  "val": "You logged into a secure area!",
                  "offset": 22
                }
              ],
              "location": "Android_web.verify_login_message(String)"
            },
            "keyword": "Then "
          }
        ],
        "tags": [
          {
            "name": "@androidWeb"
          },
          {
            "name": "@web"
          },
          {
            "name": "@demoCucumber"
          }
        ]
      },
      {
        "line": 20,
        "name": "End session",
        "description": "",
        "id": "login-in-heroku-page;end-session",
        "type": "scenario",
        "keyword": "Scenario",
        "steps": [
          {
            "result": {
              "duration": 1576610988,
              "status": "passed"
            },
            "line": 21,
            "name": "User ends session on Android device",
            "match": {
              "location": "Android_web.end_an_android_web_session()"
            },
            "keyword": "Given "
          }
        ],
        "tags": [
          {
            "name": "@androidWeb"
          },
          {
            "name": "@web"
          },
          {
            "name": "@demoCucumber"
          }
        ]
      }
    ],
    "name": "Login in heroku page",
    "description": "",
    "id": "login-in-heroku-page",
    "keyword": "Feature",
    "uri": "src/test/resources/features/Test_android_web.feature",
    "tags": [
      {
        "name": "@androidWeb",
        "type": "Tag",
        "location": {
          "line": 1,
          "column": 1
        }
      },
      {
        "name": "@web",
        "type": "Tag",
        "location": {
          "line": 1,
          "column": 13
        }
      },
      {
        "name": "@demoCucumber",
        "type": "Tag",
        "location": {
          "line": 1,
          "column": 18
        }
      }
    ]
  }
]